<?xml version="1.0" encoding="UTF-8"?>
<!-- Generated by org.testng.reporters.JUnitReportReporter -->
<testsuite hostname="DESKTOP-BNE3700" failures="0" tests="1" name="utilsactionpages.HotelBookingTest" time="15.023" errors="0" timestamp="2024-12-13T23:52:40 IST" skipped="0">
  <testcase classname="utilsactionpages.HotelBookingTest" name="testHotelBooking" time="15.023"/>
  <system-out/>
</testsuite> <!-- utilsactionpages.HotelBookingTest -->
